\BOOKMARK [0][-]{chapter.1}{\376\377\0001\000\040\000D\000a\000t\000a\000\040\000T\000y\000p\000e\000\040\000I\000n\000d\000e\000x}{}% 1
\BOOKMARK [1][-]{section.1.1}{\376\377\0001\000.\0001\000\040\000D\000a\000t\000a\000\040\000T\000y\000p\000e\000s\000\040\000L\000i\000s\000t}{chapter.1}% 2
\BOOKMARK [0][-]{chapter.2}{\376\377\0002\000\040\000F\000i\000l\000e\000\040\000I\000n\000d\000e\000x}{}% 3
\BOOKMARK [1][-]{section.2.1}{\376\377\0002\000.\0001\000\040\000F\000i\000l\000e\000\040\000L\000i\000s\000t}{chapter.2}% 4
\BOOKMARK [0][-]{chapter.3}{\376\377\0003\000\040\000D\000a\000t\000a\000\040\000T\000y\000p\000e\000\040\000D\000o\000c\000u\000m\000e\000n\000t\000a\000t\000i\000o\000n}{}% 5
\BOOKMARK [1][-]{section.3.1}{\376\377\0003\000.\0001\000\040\000I\000n\000p\000u\000t\000\040\000S\000t\000r\000u\000c\000t\000\040\000R\000e\000f\000e\000r\000e\000n\000c\000e}{chapter.3}% 6
\BOOKMARK [2][-]{subsection.3.1.1}{\376\377\0003\000.\0001\000.\0001\000\040\000D\000e\000t\000a\000i\000l\000e\000d\000\040\000D\000e\000s\000c\000r\000i\000p\000t\000i\000o\000n}{section.3.1}% 7
\BOOKMARK [2][-]{subsection.3.1.2}{\376\377\0003\000.\0001\000.\0002\000\040\000F\000i\000e\000l\000d\000\040\000D\000o\000c\000u\000m\000e\000n\000t\000a\000t\000i\000o\000n}{section.3.1}% 8
\BOOKMARK [3][-]{subsubsection.3.1.2.1}{\376\377\0003\000.\0001\000.\0002\000.\0001\000\040\000a\000w\000\137\000f\000i\000l\000e}{subsection.3.1.2}% 9
\BOOKMARK [3][-]{subsubsection.3.1.2.2}{\376\377\0003\000.\0001\000.\0002\000.\0002\000\040\000e\000i\000g\000v\000a\000l\000s\000\137\000f\000i\000l\000e}{subsection.3.1.2}% 10
\BOOKMARK [3][-]{subsubsection.3.1.2.3}{\376\377\0003\000.\0001\000.\0002\000.\0003\000\040\000e\000i\000g\000v\000e\000c\000s\000\137\000f\000i\000l\000e}{subsection.3.1.2}% 11
\BOOKMARK [3][-]{subsubsection.3.1.2.4}{\376\377\0003\000.\0001\000.\0002\000.\0004\000\040\000f\000w\000\137\000f\000i\000l\000e}{subsection.3.1.2}% 12
\BOOKMARK [3][-]{subsubsection.3.1.2.5}{\376\377\0003\000.\0001\000.\0002\000.\0005\000\040\000g\000a\000m\000m\000a\000\137\000f\000i\000l\000e}{subsection.3.1.2}% 13
\BOOKMARK [3][-]{subsubsection.3.1.2.6}{\376\377\0003\000.\0001\000.\0002\000.\0006\000\040\000g\000i\000\137\000f\000i\000l\000e\000s}{subsection.3.1.2}% 14
\BOOKMARK [3][-]{subsubsection.3.1.2.7}{\376\377\0003\000.\0001\000.\0002\000.\0007\000\040\000l\000a\000m\000b\000d\000a\000\137\000f\000i\000l\000e}{subsection.3.1.2}% 15
\BOOKMARK [3][-]{subsubsection.3.1.2.8}{\376\377\0003\000.\0001\000.\0002\000.\0008\000\040\000m\000u\000\137\000f\000i\000l\000e}{subsection.3.1.2}% 16
\BOOKMARK [3][-]{subsubsection.3.1.2.9}{\376\377\0003\000.\0001\000.\0002\000.\0009\000\040\000N}{subsection.3.1.2}% 17
\BOOKMARK [3][-]{subsubsection.3.1.2.10}{\376\377\0003\000.\0001\000.\0002\000.\0001\0000\000\040\000p\000o\000p\000\137\000f\000i\000l\000e}{subsection.3.1.2}% 18
\BOOKMARK [3][-]{subsubsection.3.1.2.11}{\376\377\0003\000.\0001\000.\0002\000.\0001\0001\000\040\000T}{subsection.3.1.2}% 19
\BOOKMARK [3][-]{subsubsection.3.1.2.12}{\376\377\0003\000.\0001\000.\0002\000.\0001\0002\000\040\000t\000a\000u}{subsection.3.1.2}% 20
\BOOKMARK [1][-]{section.3.2}{\376\377\0003\000.\0002\000\040\000o\000d\000e\000\137\000p\000a\000r\000a\000m\000s\000\040\000S\000t\000r\000u\000c\000t\000\040\000R\000e\000f\000e\000r\000e\000n\000c\000e}{chapter.3}% 21
\BOOKMARK [2][-]{subsection.3.2.1}{\376\377\0003\000.\0002\000.\0001\000\040\000F\000i\000e\000l\000d\000\040\000D\000o\000c\000u\000m\000e\000n\000t\000a\000t\000i\000o\000n}{section.3.2}% 22
\BOOKMARK [3][-]{subsubsection.3.2.1.1}{\376\377\0003\000.\0002\000.\0001\000.\0001\000\040\000c\000h\000i\000w}{subsection.3.2.1}% 23
\BOOKMARK [3][-]{subsubsection.3.2.1.2}{\376\377\0003\000.\0002\000.\0001\000.\0002\000\040\000k\000i\000j}{subsection.3.2.1}% 24
\BOOKMARK [3][-]{subsubsection.3.2.1.3}{\376\377\0003\000.\0002\000.\0001\000.\0003\000\040\000N}{subsection.3.2.1}% 25
\BOOKMARK [3][-]{subsubsection.3.2.1.4}{\376\377\0003\000.\0002\000.\0001\000.\0004\000\040\000r\000a\000t\000e\000s}{subsection.3.2.1}% 26
\BOOKMARK [3][-]{subsubsection.3.2.1.5}{\376\377\0003\000.\0002\000.\0001\000.\0005\000\040\000T\000i\000j}{subsection.3.2.1}% 27
\BOOKMARK [1][-]{section.3.3}{\376\377\0003\000.\0003\000\040\000P\000a\000r\000a\000m\000e\000t\000e\000r\000s\000\040\000S\000t\000r\000u\000c\000t\000\040\000R\000e\000f\000e\000r\000e\000n\000c\000e}{chapter.3}% 28
\BOOKMARK [2][-]{subsection.3.3.1}{\376\377\0003\000.\0003\000.\0001\000\040\000F\000i\000e\000l\000d\000\040\000D\000o\000c\000u\000m\000e\000n\000t\000a\000t\000i\000o\000n}{section.3.3}% 29
\BOOKMARK [3][-]{subsubsection.3.3.1.1}{\376\377\0003\000.\0003\000.\0001\000.\0001\000\040\000a\000w\000\137\000f\000i\000l\000e}{subsection.3.3.1}% 30
\BOOKMARK [3][-]{subsubsection.3.3.1.2}{\376\377\0003\000.\0003\000.\0001\000.\0002\000\040\000c\000n}{subsection.3.3.1}% 31
\BOOKMARK [3][-]{subsubsection.3.3.1.3}{\376\377\0003\000.\0003\000.\0001\000.\0003\000\040\000c\000w}{subsection.3.3.1}% 32
\BOOKMARK [3][-]{subsubsection.3.3.1.4}{\376\377\0003\000.\0003\000.\0001\000.\0004\000\040\000f\000w\000\137\000f\000i\000l\000e}{subsection.3.3.1}% 33
\BOOKMARK [3][-]{subsubsection.3.3.1.5}{\376\377\0003\000.\0003\000.\0001\000.\0005\000\040\000g\0000}{subsection.3.3.1}% 34
\BOOKMARK [3][-]{subsubsection.3.3.1.6}{\376\377\0003\000.\0003\000.\0001\000.\0006\000\040\000g\0001}{subsection.3.3.1}% 35
\BOOKMARK [3][-]{subsubsection.3.3.1.7}{\376\377\0003\000.\0003\000.\0001\000.\0007\000\040\000g\0002}{subsection.3.3.1}% 36
\BOOKMARK [3][-]{subsubsection.3.3.1.8}{\376\377\0003\000.\0003\000.\0001\000.\0008\000\040\000g\000s\000w}{subsection.3.3.1}% 37
\BOOKMARK [3][-]{subsubsection.3.3.1.9}{\376\377\0003\000.\0003\000.\0001\000.\0009\000\040\000g\000t\000\137\000f\000i\000l\000e}{subsection.3.3.1}% 38
\BOOKMARK [3][-]{subsubsection.3.3.1.10}{\376\377\0003\000.\0003\000.\0001\000.\0001\0000\000\040\000l\0000}{subsection.3.3.1}% 39
\BOOKMARK [3][-]{subsubsection.3.3.1.11}{\376\377\0003\000.\0003\000.\0001\000.\0001\0001\000\040\000l\0001}{subsection.3.3.1}% 40
\BOOKMARK [3][-]{subsubsection.3.3.1.12}{\376\377\0003\000.\0003\000.\0001\000.\0001\0002\000\040\000l\0002}{subsection.3.3.1}% 41
\BOOKMARK [3][-]{subsubsection.3.3.1.13}{\376\377\0003\000.\0003\000.\0001\000.\0001\0003\000\040\000l\000a\000m\000b\000d\000a\000\137\000f\000i\000l\000e}{subsection.3.3.1}% 42
\BOOKMARK [3][-]{subsubsection.3.3.1.14}{\376\377\0003\000.\0003\000.\0001\000.\0001\0004\000\040\000l\000i\000g\000a\000n\000d}{subsection.3.3.1}% 43
\BOOKMARK [3][-]{subsubsection.3.3.1.15}{\376\377\0003\000.\0003\000.\0001\000.\0001\0005\000\040\000n\000u}{subsection.3.3.1}% 44
\BOOKMARK [3][-]{subsubsection.3.3.1.16}{\376\377\0003\000.\0003\000.\0001\000.\0001\0006\000\040\000o\000f\000f\000s\000e\000t}{subsection.3.3.1}% 45
\BOOKMARK [3][-]{subsubsection.3.3.1.17}{\376\377\0003\000.\0003\000.\0001\000.\0001\0007\000\040\000o\000f\000f\000s\000e\000t\000\137\000f\000i\000l\000e}{subsection.3.3.1}% 46
\BOOKMARK [3][-]{subsubsection.3.3.1.18}{\376\377\0003\000.\0003\000.\0001\000.\0001\0008\000\040\000s\0000}{subsection.3.3.1}% 47
\BOOKMARK [3][-]{subsubsection.3.3.1.19}{\376\377\0003\000.\0003\000.\0001\000.\0001\0009\000\040\000s\0001}{subsection.3.3.1}% 48
\BOOKMARK [3][-]{subsubsection.3.3.1.20}{\376\377\0003\000.\0003\000.\0001\000.\0002\0000\000\040\000s\0002}{subsection.3.3.1}% 49
\BOOKMARK [3][-]{subsubsection.3.3.1.21}{\376\377\0003\000.\0003\000.\0001\000.\0002\0001\000\040\000T}{subsection.3.3.1}% 50
\BOOKMARK [3][-]{subsubsection.3.3.1.22}{\376\377\0003\000.\0003\000.\0001\000.\0002\0002\000\040\000t\000i}{subsection.3.3.1}% 51
\BOOKMARK [3][-]{subsubsection.3.3.1.23}{\376\377\0003\000.\0003\000.\0001\000.\0002\0003\000\040\000w\0001}{subsection.3.3.1}% 52
\BOOKMARK [3][-]{subsubsection.3.3.1.24}{\376\377\0003\000.\0003\000.\0001\000.\0002\0004\000\040\000w\0002}{subsection.3.3.1}% 53
\BOOKMARK [1][-]{section.3.4}{\376\377\0003\000.\0004\000\040\000P\000r\000o\000t\000o\000c\000o\000l\000\040\000S\000t\000r\000u\000c\000t\000\040\000R\000e\000f\000e\000r\000e\000n\000c\000e}{chapter.3}% 54
\BOOKMARK [2][-]{subsection.3.4.1}{\376\377\0003\000.\0004\000.\0001\000\040\000F\000i\000e\000l\000d\000\040\000D\000o\000c\000u\000m\000e\000n\000t\000a\000t\000i\000o\000n}{section.3.4}% 55
\BOOKMARK [3][-]{subsubsection.3.4.1.1}{\376\377\0003\000.\0004\000.\0001\000.\0001\000\040\000n\000s}{subsection.3.4.1}% 56
\BOOKMARK [3][-]{subsubsection.3.4.1.2}{\376\377\0003\000.\0004\000.\0001\000.\0002\000\040\000T}{subsection.3.4.1}% 57
\BOOKMARK [1][-]{section.3.5}{\376\377\0003\000.\0005\000\040\000p\000u\000l\000s\000e\000\040\000S\000t\000r\000u\000c\000t\000\040\000R\000e\000f\000e\000r\000e\000n\000c\000e}{chapter.3}% 58
\BOOKMARK [2][-]{subsection.3.5.1}{\376\377\0003\000.\0005\000.\0001\000\040\000F\000i\000e\000l\000d\000\040\000D\000o\000c\000u\000m\000e\000n\000t\000a\000t\000i\000o\000n}{section.3.5}% 59
\BOOKMARK [3][-]{subsubsection.3.5.1.1}{\376\377\0003\000.\0005\000.\0001\000.\0001\000\040\000c\000e\000n\000t\000r\000e}{subsection.3.5.1}% 60
\BOOKMARK [3][-]{subsubsection.3.5.1.2}{\376\377\0003\000.\0005\000.\0001\000.\0002\000\040\000t\000y\000p\000e}{subsection.3.5.1}% 61
\BOOKMARK [3][-]{subsubsection.3.5.1.3}{\376\377\0003\000.\0005\000.\0001\000.\0003\000\040\000w\000i\000d\000t\000h}{subsection.3.5.1}% 62
\BOOKMARK [0][-]{chapter.4}{\376\377\0004\000\040\000F\000i\000l\000e\000\040\000D\000o\000c\000u\000m\000e\000n\000t\000a\000t\000i\000o\000n}{}% 63
\BOOKMARK [1][-]{section.4.1}{\376\377\0004\000.\0001\000\040\000c\000o\000u\000p\000l\000i\000n\000g\000s\000/\000c\000o\000u\000p\000l\000i\000n\000g\000\137\000c\000a\000l\000c\000.\000f\0000\0008\000\040\000F\000i\000l\000e\000\040\000R\000e\000f\000e\000r\000e\000n\000c\000e}{chapter.4}% 64
\BOOKMARK [2][-]{subsection.4.1.1}{\376\377\0004\000.\0001\000.\0001\000\040\000F\000u\000n\000c\000t\000i\000o\000n\000/\000S\000u\000b\000r\000o\000u\000t\000i\000n\000e\000\040\000D\000o\000c\000u\000m\000e\000n\000t\000a\000t\000i\000o\000n}{section.4.1}% 65
\BOOKMARK [3][-]{subsubsection.4.1.1.1}{\376\377\0004\000.\0001\000.\0001\000.\0001\000\040\000c\000o\000u\000p\000l\000i\000n\000g\000\137\000c\000a\000l\000c\000\050\000\051}{subsection.4.1.1}% 66
\BOOKMARK [3][-]{subsubsection.4.1.1.2}{\376\377\0004\000.\0001\000.\0001\000.\0002\000\040\000g\000e\000t\000\137\000f\000i\000l\000e\000\137\000l\000e\000n\000g\000t\000h\000\050\000\051}{subsection.4.1.1}% 67
\BOOKMARK [3][-]{subsubsection.4.1.1.3}{\376\377\0004\000.\0001\000.\0001\000.\0003\000\040\000j\000\137\000c\000a\000l\000c\000\050\000\051}{subsection.4.1.1}% 68
\BOOKMARK [3][-]{subsubsection.4.1.1.4}{\376\377\0004\000.\0001\000.\0001\000.\0004\000\040\000m\000u\000\137\000c\000a\000l\000c\000\050\000\051}{subsection.4.1.1}% 69
\BOOKMARK [1][-]{section.4.2}{\376\377\0004\000.\0002\000\040\000l\000i\000n\000e\000s\000h\000a\000p\000e\000/\000s\000r\000c\000/\000f\000u\000n\000c\000t\000i\000o\000n\000s\000.\000c\000\040\000F\000i\000l\000e\000\040\000R\000e\000f\000e\000r\000e\000n\000c\000e}{chapter.4}% 70
\BOOKMARK [2][-]{subsection.4.2.1}{\376\377\0004\000.\0002\000.\0001\000\040\000M\000a\000c\000r\000o\000\040\000D\000e\000f\000i\000n\000i\000t\000i\000o\000n\000\040\000D\000o\000c\000u\000m\000e\000n\000t\000a\000t\000i\000o\000n}{section.4.2}% 71
\BOOKMARK [3][-]{subsubsection.4.2.1.1}{\376\377\0004\000.\0002\000.\0001\000.\0001\000\040\000M\000\137\000P\000I}{subsection.4.2.1}% 72
\BOOKMARK [2][-]{subsection.4.2.2}{\376\377\0004\000.\0002\000.\0002\000\040\000F\000u\000n\000c\000t\000i\000o\000n\000\040\000D\000o\000c\000u\000m\000e\000n\000t\000a\000t\000i\000o\000n}{section.4.2}% 73
\BOOKMARK [3][-]{subsubsection.4.2.2.1}{\376\377\0004\000.\0002\000.\0002\000.\0001\000\040\000A\000t\000\050\000\051}{subsection.4.2.2}% 74
\BOOKMARK [3][-]{subsubsection.4.2.2.2}{\376\377\0004\000.\0002\000.\0002\000.\0002\000\040\000c\000\137\000n\000\050\000\051}{subsection.4.2.2}% 75
\BOOKMARK [3][-]{subsubsection.4.2.2.3}{\376\377\0004\000.\0002\000.\0002\000.\0003\000\040\000c\000w\000\137\000b\000i\000g\000\050\000\051}{subsection.4.2.2}% 76
\BOOKMARK [3][-]{subsubsection.4.2.2.4}{\376\377\0004\000.\0002\000.\0002\000.\0004\000\040\000c\000w\000\137\000c\000a\000r\000\050\000\051}{subsection.4.2.2}% 77
\BOOKMARK [3][-]{subsubsection.4.2.2.5}{\376\377\0004\000.\0002\000.\0002\000.\0005\000\040\000c\000w\000\137\000c\000h\000l\000\050\000\051}{subsection.4.2.2}% 78
\BOOKMARK [3][-]{subsubsection.4.2.2.6}{\376\377\0004\000.\0002\000.\0002\000.\0006\000\040\000c\000w\000\137\000o\000d\000o\000\050\000\051}{subsection.4.2.2}% 79
\BOOKMARK [3][-]{subsubsection.4.2.2.7}{\376\377\0004\000.\0002\000.\0002\000.\0007\000\040\000F\000t\000\050\000\051}{subsection.4.2.2}% 80
\BOOKMARK [3][-]{subsubsection.4.2.2.8}{\376\377\0004\000.\0002\000.\0002\000.\0008\000\040\000r\000e\000o\000r\000g\000\137\000i\000n\000t\000\050\000\051}{subsection.4.2.2}% 81
\BOOKMARK [3][-]{subsubsection.4.2.2.9}{\376\377\0004\000.\0002\000.\0002\000.\0009\000\040\000t\000r\000i\000g\000\137\000i\000m\000\050\000\051}{subsection.4.2.2}% 82
\BOOKMARK [3][-]{subsubsection.4.2.2.10}{\376\377\0004\000.\0002\000.\0002\000.\0001\0000\000\040\000t\000r\000i\000g\000\137\000r\000e\000\050\000\051}{subsection.4.2.2}% 83
\BOOKMARK [1][-]{section.4.3}{\376\377\0004\000.\0003\000\040\000l\000i\000n\000e\000s\000h\000a\000p\000e\000/\000s\000r\000c\000/\000f\000u\000n\000c\000t\000i\000o\000n\000s\000.\000h\000\040\000F\000i\000l\000e\000\040\000R\000e\000f\000e\000r\000e\000n\000c\000e}{chapter.4}% 84
\BOOKMARK [2][-]{subsection.4.3.1}{\376\377\0004\000.\0003\000.\0001\000\040\000F\000u\000n\000c\000t\000i\000o\000n\000\040\000D\000o\000c\000u\000m\000e\000n\000t\000a\000t\000i\000o\000n}{section.4.3}% 85
\BOOKMARK [3][-]{subsubsection.4.3.1.1}{\376\377\0004\000.\0003\000.\0001\000.\0001\000\040\000A\000t\000\050\000\051}{subsection.4.3.1}% 86
\BOOKMARK [3][-]{subsubsection.4.3.1.2}{\376\377\0004\000.\0003\000.\0001\000.\0002\000\040\000c\000\137\000n\000\050\000\051}{subsection.4.3.1}% 87
\BOOKMARK [3][-]{subsubsection.4.3.1.3}{\376\377\0004\000.\0003\000.\0001\000.\0003\000\040\000c\000w\000\137\000b\000i\000g\000\050\000\051}{subsection.4.3.1}% 88
\BOOKMARK [3][-]{subsubsection.4.3.1.4}{\376\377\0004\000.\0003\000.\0001\000.\0004\000\040\000c\000w\000\137\000c\000a\000r\000\050\000\051}{subsection.4.3.1}% 89
\BOOKMARK [3][-]{subsubsection.4.3.1.5}{\376\377\0004\000.\0003\000.\0001\000.\0005\000\040\000c\000w\000\137\000c\000h\000l\000\050\000\051}{subsection.4.3.1}% 90
\BOOKMARK [3][-]{subsubsection.4.3.1.6}{\376\377\0004\000.\0003\000.\0001\000.\0006\000\040\000c\000w\000\137\000o\000d\000o\000\050\000\051}{subsection.4.3.1}% 91
\BOOKMARK [3][-]{subsubsection.4.3.1.7}{\376\377\0004\000.\0003\000.\0001\000.\0007\000\040\000F\000t\000\050\000\051}{subsection.4.3.1}% 92
\BOOKMARK [3][-]{subsubsection.4.3.1.8}{\376\377\0004\000.\0003\000.\0001\000.\0008\000\040\000r\000e\000o\000r\000g\000\137\000i\000n\000t\000\050\000\051}{subsection.4.3.1}% 93
\BOOKMARK [3][-]{subsubsection.4.3.1.9}{\376\377\0004\000.\0003\000.\0001\000.\0009\000\040\000t\000r\000i\000g\000\137\000i\000m\000\050\000\051}{subsection.4.3.1}% 94
\BOOKMARK [3][-]{subsubsection.4.3.1.10}{\376\377\0004\000.\0003\000.\0001\000.\0001\0000\000\040\000t\000r\000i\000g\000\137\000r\000e\000\050\000\051}{subsection.4.3.1}% 95
\BOOKMARK [1][-]{section.4.4}{\376\377\0004\000.\0004\000\040\000l\000i\000n\000e\000s\000h\000a\000p\000e\000/\000s\000r\000c\000/\000p\000a\000r\000a\000m\000e\000t\000e\000r\000s\000.\000c\000\040\000F\000i\000l\000e\000\040\000R\000e\000f\000e\000r\000e\000n\000c\000e}{chapter.4}% 96
\BOOKMARK [2][-]{subsection.4.4.1}{\376\377\0004\000.\0004\000.\0001\000\040\000F\000u\000n\000c\000t\000i\000o\000n\000\040\000D\000o\000c\000u\000m\000e\000n\000t\000a\000t\000i\000o\000n}{section.4.4}% 97
\BOOKMARK [3][-]{subsubsection.4.4.1.1}{\376\377\0004\000.\0004\000.\0001\000.\0001\000\040\000g\000e\000t\000\137\000p\000a\000r\000a\000m\000e\000t\000e\000r\000s\000\050\000\051}{subsection.4.4.1}% 98
\BOOKMARK [3][-]{subsubsection.4.4.1.2}{\376\377\0004\000.\0004\000.\0001\000.\0002\000\040\000g\000e\000t\000\137\000p\000r\000o\000t\000o\000c\000o\000l\000\050\000\051}{subsection.4.4.1}% 99
\BOOKMARK [1][-]{section.4.5}{\376\377\0004\000.\0005\000\040\000l\000i\000n\000e\000s\000h\000a\000p\000e\000/\000s\000r\000c\000/\000p\000a\000r\000a\000m\000e\000t\000e\000r\000s\000.\000h\000\040\000F\000i\000l\000e\000\040\000R\000e\000f\000e\000r\000e\000n\000c\000e}{chapter.4}% 100
\BOOKMARK [2][-]{subsection.4.5.1}{\376\377\0004\000.\0005\000.\0001\000\040\000M\000a\000c\000r\000o\000\040\000D\000e\000f\000i\000n\000i\000t\000i\000o\000n\000\040\000D\000o\000c\000u\000m\000e\000n\000t\000a\000t\000i\000o\000n}{section.4.5}% 101
\BOOKMARK [3][-]{subsubsection.4.5.1.1}{\376\377\0004\000.\0005\000.\0001\000.\0001\000\040\000C\000M\000S}{subsection.4.5.1}% 102
\BOOKMARK [2][-]{subsection.4.5.2}{\376\377\0004\000.\0005\000.\0002\000\040\000F\000u\000n\000c\000t\000i\000o\000n\000\040\000D\000o\000c\000u\000m\000e\000n\000t\000a\000t\000i\000o\000n}{section.4.5}% 103
\BOOKMARK [3][-]{subsubsection.4.5.2.1}{\376\377\0004\000.\0005\000.\0002\000.\0001\000\040\000f\000o\000r\000t\000r\000a\000n\000\137\000w\000r\000a\000p\000p\000e\000r\000\050\000\051}{subsection.4.5.2}% 104
\BOOKMARK [3][-]{subsubsection.4.5.2.2}{\376\377\0004\000.\0005\000.\0002\000.\0002\000\040\000g\000e\000t\000\137\000p\000a\000r\000a\000m\000e\000t\000e\000r\000s\000\050\000\051}{subsection.4.5.2}% 105
\BOOKMARK [3][-]{subsubsection.4.5.2.3}{\376\377\0004\000.\0005\000.\0002\000.\0003\000\040\000g\000e\000t\000\137\000p\000r\000o\000t\000o\000c\000o\000l\000\050\000\051}{subsection.4.5.2}% 106
\BOOKMARK [1][-]{section.4.6}{\376\377\0004\000.\0006\000\040\000l\000i\000n\000e\000s\000h\000a\000p\000e\000/\000s\000r\000c\000/\000s\000p\000e\000c\000D\000e\000n\000s\000.\000c\000\040\000F\000i\000l\000e\000\040\000R\000e\000f\000e\000r\000e\000n\000c\000e}{chapter.4}% 107
\BOOKMARK [2][-]{subsection.4.6.1}{\376\377\0004\000.\0006\000.\0001\000\040\000F\000u\000n\000c\000t\000i\000o\000n\000\040\000D\000o\000c\000u\000m\000e\000n\000t\000a\000t\000i\000o\000n}{section.4.6}% 108
\BOOKMARK [3][-]{subsubsection.4.6.1.1}{\376\377\0004\000.\0006\000.\0001\000.\0001\000\040\000m\000a\000i\000n\000\050\000\051}{subsection.4.6.1}% 109
\BOOKMARK [1][-]{section.4.7}{\376\377\0004\000.\0007\000\040\000s\000p\000e\000c\000t\000r\000a\000/\000s\000r\000c\000/\000f\000l\000u\000o\000r\000e\000s\000c\000e\000n\000c\000e\000.\000c\000\040\000F\000i\000l\000e\000\040\000R\000e\000f\000e\000r\000e\000n\000c\000e}{chapter.4}% 110
\BOOKMARK [2][-]{subsection.4.7.1}{\376\377\0004\000.\0007\000.\0001\000\040\000F\000u\000n\000c\000t\000i\000o\000n\000\040\000D\000o\000c\000u\000m\000e\000n\000t\000a\000t\000i\000o\000n}{section.4.7}% 111
\BOOKMARK [3][-]{subsubsection.4.7.1.1}{\376\377\0004\000.\0007\000.\0001\000.\0001\000\040\000a\000r\000r\000a\000y\000\137\000t\000o\000\137\000g\000s\000l\000\137\000m\000a\000t\000r\000i\000x\000\050\000\051}{subsection.4.7.1}% 112
\BOOKMARK [3][-]{subsubsection.4.7.1.2}{\376\377\0004\000.\0007\000.\0001\000.\0002\000\040\000b\000c\000s\000\050\000\051}{subsection.4.7.1}% 113
\BOOKMARK [3][-]{subsubsection.4.7.1.3}{\376\377\0004\000.\0007\000.\0001\000.\0003\000\040\000j\000a\000c\000o\000b\000i\000a\000n\000\050\000\051}{subsection.4.7.1}% 114
\BOOKMARK [3][-]{subsubsection.4.7.1.4}{\376\377\0004\000.\0007\000.\0001\000.\0004\000\040\000o\000d\000e\000f\000u\000n\000c\000\050\000\051}{subsection.4.7.1}% 115
\BOOKMARK [3][-]{subsubsection.4.7.1.5}{\376\377\0004\000.\0007\000.\0001\000.\0005\000\040\000r\000a\000t\000e\000\137\000c\000a\000l\000c\000\050\000\051}{subsection.4.7.1}% 116
\BOOKMARK [3][-]{subsubsection.4.7.1.6}{\376\377\0004\000.\0007\000.\0001\000.\0006\000\040\000r\000e\000l\000a\000x\000a\000t\000i\000o\000n\000\137\000r\000a\000t\000e\000s\000\050\000\051}{subsection.4.7.1}% 117
\BOOKMARK [3][-]{subsubsection.4.7.1.7}{\376\377\0004\000.\0007\000.\0001\000.\0007\000\040\000t\000r\000a\000n\000s\000f\000e\000r\000\137\000m\000a\000t\000r\000i\000x\000\050\000\051}{subsection.4.7.1}% 118
\BOOKMARK [3][-]{subsubsection.4.7.1.8}{\376\377\0004\000.\0007\000.\0001\000.\0008\000\040\000t\000r\000a\000p\000e\000z\000o\000i\000d\000\050\000\051}{subsection.4.7.1}% 119
\BOOKMARK [1][-]{section.4.8}{\376\377\0004\000.\0008\000\040\000s\000p\000e\000c\000t\000r\000a\000/\000s\000r\000c\000/\000f\000l\000u\000o\000r\000e\000s\000c\000e\000n\000c\000e\000.\000h\000\040\000F\000i\000l\000e\000\040\000R\000e\000f\000e\000r\000e\000n\000c\000e}{chapter.4}% 120
\BOOKMARK [2][-]{subsection.4.8.1}{\376\377\0004\000.\0008\000.\0001\000\040\000F\000u\000n\000c\000t\000i\000o\000n\000\040\000D\000o\000c\000u\000m\000e\000n\000t\000a\000t\000i\000o\000n}{section.4.8}% 121
\BOOKMARK [3][-]{subsubsection.4.8.1.1}{\376\377\0004\000.\0008\000.\0001\000.\0001\000\040\000a\000r\000r\000a\000y\000\137\000t\000o\000\137\000g\000s\000l\000\137\000m\000a\000t\000r\000i\000x\000\050\000\051}{subsection.4.8.1}% 122
\BOOKMARK [3][-]{subsubsection.4.8.1.2}{\376\377\0004\000.\0008\000.\0001\000.\0002\000\040\000b\000c\000s\000\050\000\051}{subsection.4.8.1}% 123
\BOOKMARK [3][-]{subsubsection.4.8.1.3}{\376\377\0004\000.\0008\000.\0001\000.\0003\000\040\000f\000i\000n\000a\000l\000\137\000m\000a\000t\000r\000i\000x\000\050\000\051}{subsection.4.8.1}% 124
\BOOKMARK [3][-]{subsubsection.4.8.1.4}{\376\377\0004\000.\0008\000.\0001\000.\0004\000\040\000j\000a\000c\000o\000b\000i\000a\000n\000\050\000\051}{subsection.4.8.1}% 125
\BOOKMARK [3][-]{subsubsection.4.8.1.5}{\376\377\0004\000.\0008\000.\0001\000.\0005\000\040\000o\000d\000e\000f\000u\000n\000c\000\050\000\051}{subsection.4.8.1}% 126
\BOOKMARK [3][-]{subsubsection.4.8.1.6}{\376\377\0004\000.\0008\000.\0001\000.\0006\000\040\000r\000a\000t\000e\000\137\000c\000a\000l\000c\000\050\000\051}{subsection.4.8.1}% 127
\BOOKMARK [3][-]{subsubsection.4.8.1.7}{\376\377\0004\000.\0008\000.\0001\000.\0007\000\040\000r\000e\000l\000a\000x\000a\000t\000i\000o\000n\000\137\000r\000a\000t\000e\000s\000\050\000\051}{subsection.4.8.1}% 128
\BOOKMARK [3][-]{subsubsection.4.8.1.8}{\376\377\0004\000.\0008\000.\0001\000.\0008\000\040\000t\000r\000a\000n\000s\000f\000e\000r\000\137\000m\000a\000t\000r\000i\000x\000\050\000\051}{subsection.4.8.1}% 129
\BOOKMARK [3][-]{subsubsection.4.8.1.9}{\376\377\0004\000.\0008\000.\0001\000.\0009\000\040\000t\000r\000a\000p\000e\000z\000o\000i\000d\000\050\000\051}{subsection.4.8.1}% 130
\BOOKMARK [1][-]{section.4.9}{\376\377\0004\000.\0009\000\040\000s\000p\000e\000c\000t\000r\000a\000/\000s\000r\000c\000/\000i\000n\000p\000u\000t\000.\000c\000\040\000F\000i\000l\000e\000\040\000R\000e\000f\000e\000r\000e\000n\000c\000e}{chapter.4}% 131
\BOOKMARK [2][-]{subsection.4.9.1}{\376\377\0004\000.\0009\000.\0001\000\040\000F\000u\000n\000c\000t\000i\000o\000n\000\040\000D\000o\000c\000u\000m\000e\000n\000t\000a\000t\000i\000o\000n}{section.4.9}% 132
\BOOKMARK [3][-]{subsubsection.4.9.1.1}{\376\377\0004\000.\0009\000.\0001\000.\0001\000\040\000r\000e\000a\000d\000\050\000\051}{subsection.4.9.1}% 133
\BOOKMARK [3][-]{subsubsection.4.9.1.2}{\376\377\0004\000.\0009\000.\0001\000.\0002\000\040\000r\000e\000a\000d\000\137\000e\000i\000g\000v\000e\000c\000s\000\050\000\051}{subsection.4.9.1}% 134
\BOOKMARK [3][-]{subsubsection.4.9.1.3}{\376\377\0004\000.\0009\000.\0001\000.\0003\000\040\000r\000e\000a\000d\000\137\000g\000i\000\050\000\051}{subsection.4.9.1}% 135
\BOOKMARK [3][-]{subsubsection.4.9.1.4}{\376\377\0004\000.\0009\000.\0001\000.\0004\000\040\000r\000e\000a\000d\000\137\000i\000n\000p\000u\000t\000\137\000f\000i\000l\000e\000\050\000\051}{subsection.4.9.1}% 136
\BOOKMARK [3][-]{subsubsection.4.9.1.5}{\376\377\0004\000.\0009\000.\0001\000.\0005\000\040\000r\000e\000a\000d\000\137\000m\000u\000\050\000\051}{subsection.4.9.1}% 137
\BOOKMARK [1][-]{section.4.10}{\376\377\0004\000.\0001\0000\000\040\000s\000p\000e\000c\000t\000r\000a\000/\000s\000r\000c\000/\000i\000n\000p\000u\000t\000.\000h\000\040\000F\000i\000l\000e\000\040\000R\000e\000f\000e\000r\000e\000n\000c\000e}{chapter.4}% 138
\BOOKMARK [2][-]{subsection.4.10.1}{\376\377\0004\000.\0001\0000\000.\0001\000\040\000M\000a\000c\000r\000o\000\040\000D\000e\000f\000i\000n\000i\000t\000i\000o\000n\000\040\000D\000o\000c\000u\000m\000e\000n\000t\000a\000t\000i\000o\000n}{section.4.10}% 139
\BOOKMARK [3][-]{subsubsection.4.10.1.1}{\376\377\0004\000.\0001\0000\000.\0001\000.\0001\000\040\000E\0000}{subsection.4.10.1}% 140
\BOOKMARK [3][-]{subsubsection.4.10.1.2}{\376\377\0004\000.\0001\0000\000.\0001\000.\0002\000\040\000E\000C}{subsection.4.10.1}% 141
\BOOKMARK [3][-]{subsubsection.4.10.1.3}{\376\377\0004\000.\0001\0000\000.\0001\000.\0003\000\040\000J\000P\000E\000R\000I\000N\000V\000C\000M}{subsection.4.10.1}% 142
\BOOKMARK [3][-]{subsubsection.4.10.1.4}{\376\377\0004\000.\0001\0000\000.\0001\000.\0004\000\040\000K\000C\000O\000U\000L}{subsection.4.10.1}% 143
\BOOKMARK [3][-]{subsubsection.4.10.1.5}{\376\377\0004\000.\0001\0000\000.\0001\000.\0005\000\040\000M\000A\000X\000\137\000P\000I\000G\000M\000E\000N\000T\000\137\000N\000U\000M\000B\000E\000R}{subsection.4.10.1}% 144
\BOOKMARK [3][-]{subsubsection.4.10.1.6}{\376\377\0004\000.\0001\0000\000.\0001\000.\0006\000\040\000T\000O\000C\000M\0001}{subsection.4.10.1}% 145
\BOOKMARK [3][-]{subsubsection.4.10.1.7}{\376\377\0004\000.\0001\0000\000.\0001\000.\0007\000\040\000T\000O\000F\000S}{subsection.4.10.1}% 146
\BOOKMARK [2][-]{subsection.4.10.2}{\376\377\0004\000.\0001\0000\000.\0002\000\040\000F\000u\000n\000c\000t\000i\000o\000n\000\040\000D\000o\000c\000u\000m\000e\000n\000t\000a\000t\000i\000o\000n}{section.4.10}% 147
\BOOKMARK [3][-]{subsubsection.4.10.2.1}{\376\377\0004\000.\0001\0000\000.\0002\000.\0001\000\040\000r\000e\000a\000d\000\050\000\051}{subsection.4.10.2}% 148
\BOOKMARK [3][-]{subsubsection.4.10.2.2}{\376\377\0004\000.\0001\0000\000.\0002\000.\0002\000\040\000r\000e\000a\000d\000\137\000e\000i\000g\000v\000e\000c\000s\000\050\000\051}{subsection.4.10.2}% 149
\BOOKMARK [3][-]{subsubsection.4.10.2.3}{\376\377\0004\000.\0001\0000\000.\0002\000.\0003\000\040\000r\000e\000a\000d\000\137\000g\000i\000\050\000\051}{subsection.4.10.2}% 150
\BOOKMARK [3][-]{subsubsection.4.10.2.4}{\376\377\0004\000.\0001\0000\000.\0002\000.\0004\000\040\000r\000e\000a\000d\000\137\000i\000n\000p\000u\000t\000\137\000f\000i\000l\000e\000\050\000\051}{subsection.4.10.2}% 151
\BOOKMARK [3][-]{subsubsection.4.10.2.5}{\376\377\0004\000.\0001\0000\000.\0002\000.\0005\000\040\000r\000e\000a\000d\000\137\000m\000u\000\050\000\051}{subsection.4.10.2}% 152
\BOOKMARK [1][-]{section.4.11}{\376\377\0004\000.\0001\0001\000\040\000s\000p\000e\000c\000t\000r\000a\000/\000s\000r\000c\000/\000s\000p\000e\000c\000t\000r\000a\000.\000c\000\040\000F\000i\000l\000e\000\040\000R\000e\000f\000e\000r\000e\000n\000c\000e}{chapter.4}% 153
\BOOKMARK [2][-]{subsection.4.11.1}{\376\377\0004\000.\0001\0001\000.\0001\000\040\000F\000u\000n\000c\000t\000i\000o\000n\000\040\000D\000o\000c\000u\000m\000e\000n\000t\000a\000t\000i\000o\000n}{section.4.11}% 154
\BOOKMARK [3][-]{subsubsection.4.11.1.1}{\376\377\0004\000.\0001\0001\000.\0001\000.\0001\000\040\000m\000a\000i\000n\000\050\000\051}{subsection.4.11.1}% 155
\BOOKMARK [1][-]{section.4.12}{\376\377\0004\000.\0001\0002\000\040\000s\000p\000e\000c\000t\000r\000a\000/\000s\000r\000c\000/\000s\000t\000e\000a\000d\000y\000\137\000s\000t\000a\000t\000e\000.\000c\000\040\000F\000i\000l\000e\000\040\000R\000e\000f\000e\000r\000e\000n\000c\000e}{chapter.4}% 156
\BOOKMARK [2][-]{subsection.4.12.1}{\376\377\0004\000.\0001\0002\000.\0001\000\040\000F\000u\000n\000c\000t\000i\000o\000n\000\040\000D\000o\000c\000u\000m\000e\000n\000t\000a\000t\000i\000o\000n}{section.4.12}% 157
\BOOKMARK [3][-]{subsubsection.4.12.1.1}{\376\377\0004\000.\0001\0002\000.\0001\000.\0001\000\040\000g\000u\000e\000s\000s\000\050\000\051}{subsection.4.12.1}% 158
\BOOKMARK [3][-]{subsubsection.4.12.1.2}{\376\377\0004\000.\0001\0002\000.\0001\000.\0002\000\040\000i\000n\000c\000i\000d\000e\000n\000t\000\050\000\051}{subsection.4.12.1}% 159
\BOOKMARK [3][-]{subsubsection.4.12.1.3}{\376\377\0004\000.\0001\0002\000.\0001\000.\0003\000\040\000p\000o\000p\000\137\000c\000o\000n\000v\000e\000r\000g\000e\000\050\000\051}{subsection.4.12.1}% 160
\BOOKMARK [3][-]{subsubsection.4.12.1.4}{\376\377\0004\000.\0001\0002\000.\0001\000.\0004\000\040\000p\000o\000p\000\137\000s\000t\000e\000a\000d\000y\000\137\000d\000f\000\050\000\051}{subsection.4.12.1}% 161
\BOOKMARK [3][-]{subsubsection.4.12.1.5}{\376\377\0004\000.\0001\0002\000.\0001\000.\0005\000\040\000p\000o\000p\000\137\000s\000t\000e\000a\000d\000y\000\137\000f\000\050\000\051}{subsection.4.12.1}% 162
\BOOKMARK [3][-]{subsubsection.4.12.1.6}{\376\377\0004\000.\0001\0002\000.\0001\000.\0006\000\040\000p\000o\000p\000\137\000s\000t\000e\000a\000d\000y\000\137\000f\000d\000f\000\050\000\051}{subsection.4.12.1}% 163
\BOOKMARK [1][-]{section.4.13}{\376\377\0004\000.\0001\0003\000\040\000s\000p\000e\000c\000t\000r\000a\000/\000s\000r\000c\000/\000s\000t\000e\000a\000d\000y\000\137\000s\000t\000a\000t\000e\000.\000h\000\040\000F\000i\000l\000e\000\040\000R\000e\000f\000e\000r\000e\000n\000c\000e}{chapter.4}% 164
\BOOKMARK [2][-]{subsection.4.13.1}{\376\377\0004\000.\0001\0003\000.\0001\000\040\000T\000y\000p\000e\000d\000e\000f\000\040\000D\000o\000c\000u\000m\000e\000n\000t\000a\000t\000i\000o\000n}{section.4.13}% 165
\BOOKMARK [3][-]{subsubsection.4.13.1.1}{\376\377\0004\000.\0001\0003\000.\0001\000.\0001\000\040\000p\000u\000l\000s\000e}{subsection.4.13.1}% 166
\BOOKMARK [3][-]{subsubsection.4.13.1.2}{\376\377\0004\000.\0001\0003\000.\0001\000.\0002\000\040\000p\000u\000l\000s\000e\000\137\000t\000y\000p\000e}{subsection.4.13.1}% 167
\BOOKMARK [3][-]{subsubsection.4.13.1.3}{\376\377\0004\000.\0001\0003\000.\0001\000.\0003\000\040\000s\000s\000\137\000i\000n\000i\000t}{subsection.4.13.1}% 168
\BOOKMARK [2][-]{subsection.4.13.2}{\376\377\0004\000.\0001\0003\000.\0002\000\040\000E\000n\000u\000m\000e\000r\000a\000t\000i\000o\000n\000\040\000T\000y\000p\000e\000\040\000D\000o\000c\000u\000m\000e\000n\000t\000a\000t\000i\000o\000n}{section.4.13}% 169
\BOOKMARK [3][-]{subsubsection.4.13.2.1}{\376\377\0004\000.\0001\0003\000.\0002\000.\0001\000\040\000p\000u\000l\000s\000e\000\137\000t\000y\000p\000e}{subsection.4.13.2}% 170
\BOOKMARK [3][-]{subsubsection.4.13.2.2}{\376\377\0004\000.\0001\0003\000.\0002\000.\0002\000\040\000s\000s\000\137\000i\000n\000i\000t}{subsection.4.13.2}% 171
\BOOKMARK [2][-]{subsection.4.13.3}{\376\377\0004\000.\0001\0003\000.\0003\000\040\000F\000u\000n\000c\000t\000i\000o\000n\000\040\000D\000o\000c\000u\000m\000e\000n\000t\000a\000t\000i\000o\000n}{section.4.13}% 172
\BOOKMARK [3][-]{subsubsection.4.13.3.1}{\376\377\0004\000.\0001\0003\000.\0003\000.\0001\000\040\000g\000u\000e\000s\000s\000\050\000\051}{subsection.4.13.3}% 173
\BOOKMARK [3][-]{subsubsection.4.13.3.2}{\376\377\0004\000.\0001\0003\000.\0003\000.\0002\000\040\000i\000n\000c\000i\000d\000e\000n\000t\000\050\000\051}{subsection.4.13.3}% 174
\BOOKMARK [3][-]{subsubsection.4.13.3.3}{\376\377\0004\000.\0001\0003\000.\0003\000.\0003\000\040\000p\000o\000p\000\137\000c\000o\000n\000v\000e\000r\000g\000e\000\050\000\051}{subsection.4.13.3}% 175
\BOOKMARK [3][-]{subsubsection.4.13.3.4}{\376\377\0004\000.\0001\0003\000.\0003\000.\0004\000\040\000p\000o\000p\000\137\000s\000t\000e\000a\000d\000y\000\137\000d\000f\000\050\000\051}{subsection.4.13.3}% 176
\BOOKMARK [3][-]{subsubsection.4.13.3.5}{\376\377\0004\000.\0001\0003\000.\0003\000.\0005\000\040\000p\000o\000p\000\137\000s\000t\000e\000a\000d\000y\000\137\000f\000\050\000\051}{subsection.4.13.3}% 177
\BOOKMARK [3][-]{subsubsection.4.13.3.6}{\376\377\0004\000.\0001\0003\000.\0003\000.\0006\000\040\000p\000o\000p\000\137\000s\000t\000e\000a\000d\000y\000\137\000f\000d\000f\000\050\000\051}{subsection.4.13.3}% 178
\BOOKMARK [0][-]{section*.28}{\376\377\000I\000n\000d\000e\000x}{}% 179
